[0.364s] DEBUG:colcon:Command line arguments: ['/home/srividyaprasad/.local/bin/colcon', 'build', '--symlink-install', '--packages-skip', 'px4', '--event-handlers', 'console_direct+']
[0.364s] DEBUG:colcon:Parsed command line arguments: Namespace(ament_cmake_args=None, base_paths=['.'], build_base='build', catkin_cmake_args=None, catkin_skip_building_tests=False, cmake_args=None, cmake_clean_cache=False, cmake_clean_first=False, cmake_force_configure=False, cmake_target=None, cmake_target_skip_unavailable=False, continue_on_error=False, event_handlers=['console_direct+'], executor='parallel', ignore_user_meta=False, install_base='install', log_base=None, log_level=None, main=<bound method BuildVerb.main of <colcon_core.verb.build.BuildVerb object at 0x7fc624f60160>>, merge_install=False, metas=['./colcon.meta'], packages_above=None, packages_above_and_dependencies=None, packages_above_depth=None, packages_end=None, packages_ignore=None, packages_ignore_regex=None, packages_select=None, packages_select_build_failed=False, packages_select_by_dep=None, packages_select_regex=None, packages_select_test_failures=False, packages_skip=['px4'], packages_skip_build_finished=False, packages_skip_by_dep=None, packages_skip_regex=None, packages_skip_test_passed=False, packages_skip_up_to=None, packages_start=None, packages_up_to=None, packages_up_to_regex=None, parallel_workers=8, paths=None, symlink_install=True, test_result_base=None, verb_extension=<colcon_core.verb.build.BuildVerb object at 0x7fc624f60160>, verb_name='build', verb_parser=<colcon_defaults.argument_parser.defaults.DefaultArgumentsDecorator object at 0x7fc624f6a0a0>)
[0.394s] Level 1:colcon.colcon_core.package_discovery:discover_packages(colcon_meta) check parameters
[0.394s] Level 1:colcon.colcon_core.package_discovery:discover_packages(recursive) check parameters
[0.394s] Level 1:colcon.colcon_core.package_discovery:discover_packages(ignore) check parameters
[0.394s] Level 1:colcon.colcon_core.package_discovery:discover_packages(path) check parameters
[0.394s] Level 1:colcon.colcon_core.package_discovery:discover_packages(colcon_meta) discover
[0.394s] Level 1:colcon.colcon_core.package_discovery:discover_packages(recursive) discover
[0.394s] INFO:colcon.colcon_core.package_discovery:Crawling recursively for packages in '/home/srividyaprasad/hexacopter_ws'
[0.394s] Level 1:colcon.colcon_core.package_identification:_identify(.) by extensions ['ignore', 'ignore_ament_install']
[0.394s] Level 1:colcon.colcon_core.package_identification:_identify(.) by extension 'ignore'
[0.394s] Level 1:colcon.colcon_core.package_identification:_identify(.) by extension 'ignore_ament_install'
[0.394s] Level 1:colcon.colcon_core.package_identification:_identify(.) by extensions ['colcon_pkg']
[0.394s] Level 1:colcon.colcon_core.package_identification:_identify(.) by extension 'colcon_pkg'
[0.394s] Level 1:colcon.colcon_core.package_identification:_identify(.) by extensions ['colcon_meta']
[0.394s] Level 1:colcon.colcon_core.package_identification:_identify(.) by extension 'colcon_meta'
[0.394s] Level 1:colcon.colcon_core.package_identification:_identify(.) by extensions ['ros']
[0.394s] Level 1:colcon.colcon_core.package_identification:_identify(.) by extension 'ros'
[0.404s] Level 1:colcon.colcon_core.package_identification:_identify(.) by extensions ['cmake', 'python']
[0.404s] Level 1:colcon.colcon_core.package_identification:_identify(.) by extension 'cmake'
[0.404s] Level 1:colcon.colcon_core.package_identification:_identify(.) by extension 'python'
[0.404s] Level 1:colcon.colcon_core.package_identification:_identify(.) by extensions ['python_setup_py']
[0.404s] Level 1:colcon.colcon_core.package_identification:_identify(.) by extension 'python_setup_py'
[0.404s] Level 1:colcon.colcon_core.package_identification:_identify(build) by extensions ['ignore', 'ignore_ament_install']
[0.404s] Level 1:colcon.colcon_core.package_identification:_identify(build) by extension 'ignore'
[0.404s] Level 1:colcon.colcon_core.package_identification:_identify(build) ignored
[0.404s] Level 1:colcon.colcon_core.package_identification:_identify(install) by extensions ['ignore', 'ignore_ament_install']
[0.404s] Level 1:colcon.colcon_core.package_identification:_identify(install) by extension 'ignore'
[0.404s] Level 1:colcon.colcon_core.package_identification:_identify(install) ignored
[0.404s] Level 1:colcon.colcon_core.package_identification:_identify(log) by extensions ['ignore', 'ignore_ament_install']
[0.404s] Level 1:colcon.colcon_core.package_identification:_identify(log) by extension 'ignore'
[0.404s] Level 1:colcon.colcon_core.package_identification:_identify(log) ignored
[0.404s] Level 1:colcon.colcon_core.package_identification:_identify(src) by extensions ['ignore', 'ignore_ament_install']
[0.404s] Level 1:colcon.colcon_core.package_identification:_identify(src) by extension 'ignore'
[0.405s] Level 1:colcon.colcon_core.package_identification:_identify(src) by extension 'ignore_ament_install'
[0.405s] Level 1:colcon.colcon_core.package_identification:_identify(src) by extensions ['colcon_pkg']
[0.405s] Level 1:colcon.colcon_core.package_identification:_identify(src) by extension 'colcon_pkg'
[0.405s] Level 1:colcon.colcon_core.package_identification:_identify(src) by extensions ['colcon_meta']
[0.405s] Level 1:colcon.colcon_core.package_identification:_identify(src) by extension 'colcon_meta'
[0.405s] Level 1:colcon.colcon_core.package_identification:_identify(src) by extensions ['ros']
[0.405s] Level 1:colcon.colcon_core.package_identification:_identify(src) by extension 'ros'
[0.405s] Level 1:colcon.colcon_core.package_identification:_identify(src) by extensions ['cmake', 'python']
[0.405s] Level 1:colcon.colcon_core.package_identification:_identify(src) by extension 'cmake'
[0.405s] Level 1:colcon.colcon_core.package_identification:_identify(src) by extension 'python'
[0.405s] Level 1:colcon.colcon_core.package_identification:_identify(src) by extensions ['python_setup_py']
[0.405s] Level 1:colcon.colcon_core.package_identification:_identify(src) by extension 'python_setup_py'
[0.405s] Level 1:colcon.colcon_core.package_identification:_identify(src/AutonomousHexacopter) by extensions ['ignore', 'ignore_ament_install']
[0.405s] Level 1:colcon.colcon_core.package_identification:_identify(src/AutonomousHexacopter) by extension 'ignore'
[0.405s] Level 1:colcon.colcon_core.package_identification:_identify(src/AutonomousHexacopter) by extension 'ignore_ament_install'
[0.405s] Level 1:colcon.colcon_core.package_identification:_identify(src/AutonomousHexacopter) by extensions ['colcon_pkg']
[0.405s] Level 1:colcon.colcon_core.package_identification:_identify(src/AutonomousHexacopter) by extension 'colcon_pkg'
[0.405s] Level 1:colcon.colcon_core.package_identification:_identify(src/AutonomousHexacopter) by extensions ['colcon_meta']
[0.405s] Level 1:colcon.colcon_core.package_identification:_identify(src/AutonomousHexacopter) by extension 'colcon_meta'
[0.405s] Level 1:colcon.colcon_core.package_identification:_identify(src/AutonomousHexacopter) by extensions ['ros']
[0.405s] Level 1:colcon.colcon_core.package_identification:_identify(src/AutonomousHexacopter) by extension 'ros'
[0.405s] Level 1:colcon.colcon_core.package_identification:_identify(src/AutonomousHexacopter) by extensions ['cmake', 'python']
[0.405s] Level 1:colcon.colcon_core.package_identification:_identify(src/AutonomousHexacopter) by extension 'cmake'
[0.405s] Level 1:colcon.colcon_core.package_identification:_identify(src/AutonomousHexacopter) by extension 'python'
[0.405s] Level 1:colcon.colcon_core.package_identification:_identify(src/AutonomousHexacopter) by extensions ['python_setup_py']
[0.405s] Level 1:colcon.colcon_core.package_identification:_identify(src/AutonomousHexacopter) by extension 'python_setup_py'
[0.405s] Level 1:colcon.colcon_core.package_identification:_identify(src/AutonomousHexacopter/PX4-Autopilot) by extensions ['ignore', 'ignore_ament_install']
[0.405s] Level 1:colcon.colcon_core.package_identification:_identify(src/AutonomousHexacopter/PX4-Autopilot) by extension 'ignore'
[0.405s] Level 1:colcon.colcon_core.package_identification:_identify(src/AutonomousHexacopter/PX4-Autopilot) by extension 'ignore_ament_install'
[0.405s] Level 1:colcon.colcon_core.package_identification:_identify(src/AutonomousHexacopter/PX4-Autopilot) by extensions ['colcon_pkg']
[0.405s] Level 1:colcon.colcon_core.package_identification:_identify(src/AutonomousHexacopter/PX4-Autopilot) by extension 'colcon_pkg'
[0.405s] Level 1:colcon.colcon_core.package_identification:_identify(src/AutonomousHexacopter/PX4-Autopilot) by extensions ['colcon_meta']
[0.405s] Level 1:colcon.colcon_core.package_identification:_identify(src/AutonomousHexacopter/PX4-Autopilot) by extension 'colcon_meta'
[0.405s] Level 1:colcon.colcon_core.package_identification:_identify(src/AutonomousHexacopter/PX4-Autopilot) by extensions ['ros']
[0.405s] Level 1:colcon.colcon_core.package_identification:_identify(src/AutonomousHexacopter/PX4-Autopilot) by extension 'ros'
[0.408s] DEBUG:colcon.colcon_core.package_identification:Package 'src/AutonomousHexacopter/PX4-Autopilot' with type 'ros.catkin' and name 'px4'
[0.408s] Level 1:colcon.colcon_core.package_identification:_identify(src/AutonomousHexacopter/px4_msgs) by extensions ['ignore', 'ignore_ament_install']
[0.408s] Level 1:colcon.colcon_core.package_identification:_identify(src/AutonomousHexacopter/px4_msgs) by extension 'ignore'
[0.408s] Level 1:colcon.colcon_core.package_identification:_identify(src/AutonomousHexacopter/px4_msgs) by extension 'ignore_ament_install'
[0.408s] Level 1:colcon.colcon_core.package_identification:_identify(src/AutonomousHexacopter/px4_msgs) by extensions ['colcon_pkg']
[0.408s] Level 1:colcon.colcon_core.package_identification:_identify(src/AutonomousHexacopter/px4_msgs) by extension 'colcon_pkg'
[0.408s] Level 1:colcon.colcon_core.package_identification:_identify(src/AutonomousHexacopter/px4_msgs) by extensions ['colcon_meta']
[0.408s] Level 1:colcon.colcon_core.package_identification:_identify(src/AutonomousHexacopter/px4_msgs) by extension 'colcon_meta'
[0.408s] Level 1:colcon.colcon_core.package_identification:_identify(src/AutonomousHexacopter/px4_msgs) by extensions ['ros']
[0.408s] Level 1:colcon.colcon_core.package_identification:_identify(src/AutonomousHexacopter/px4_msgs) by extension 'ros'
[0.409s] DEBUG:colcon.colcon_core.package_identification:Package 'src/AutonomousHexacopter/px4_msgs' with type 'ros.ament_cmake' and name 'px4_msgs'
[0.409s] Level 1:colcon.colcon_core.package_identification:_identify(src/AutonomousHexacopter/px4_ros_com) by extensions ['ignore', 'ignore_ament_install']
[0.409s] Level 1:colcon.colcon_core.package_identification:_identify(src/AutonomousHexacopter/px4_ros_com) by extension 'ignore'
[0.409s] Level 1:colcon.colcon_core.package_identification:_identify(src/AutonomousHexacopter/px4_ros_com) by extension 'ignore_ament_install'
[0.409s] Level 1:colcon.colcon_core.package_identification:_identify(src/AutonomousHexacopter/px4_ros_com) by extensions ['colcon_pkg']
[0.409s] Level 1:colcon.colcon_core.package_identification:_identify(src/AutonomousHexacopter/px4_ros_com) by extension 'colcon_pkg'
[0.409s] Level 1:colcon.colcon_core.package_identification:_identify(src/AutonomousHexacopter/px4_ros_com) by extensions ['colcon_meta']
[0.409s] Level 1:colcon.colcon_core.package_identification:_identify(src/AutonomousHexacopter/px4_ros_com) by extension 'colcon_meta'
[0.409s] Level 1:colcon.colcon_core.package_identification:_identify(src/AutonomousHexacopter/px4_ros_com) by extensions ['ros']
[0.409s] Level 1:colcon.colcon_core.package_identification:_identify(src/AutonomousHexacopter/px4_ros_com) by extension 'ros'
[0.410s] DEBUG:colcon.colcon_core.package_identification:Package 'src/AutonomousHexacopter/px4_ros_com' with type 'ros.ament_cmake' and name 'px4_ros_com'
[0.410s] Level 1:colcon.colcon_core.package_identification:_identify(src/AutonomousHexacopter/scripts) by extensions ['ignore', 'ignore_ament_install']
[0.410s] Level 1:colcon.colcon_core.package_identification:_identify(src/AutonomousHexacopter/scripts) by extension 'ignore'
[0.410s] Level 1:colcon.colcon_core.package_identification:_identify(src/AutonomousHexacopter/scripts) by extension 'ignore_ament_install'
[0.410s] Level 1:colcon.colcon_core.package_identification:_identify(src/AutonomousHexacopter/scripts) by extensions ['colcon_pkg']
[0.410s] Level 1:colcon.colcon_core.package_identification:_identify(src/AutonomousHexacopter/scripts) by extension 'colcon_pkg'
[0.410s] Level 1:colcon.colcon_core.package_identification:_identify(src/AutonomousHexacopter/scripts) by extensions ['colcon_meta']
[0.410s] Level 1:colcon.colcon_core.package_identification:_identify(src/AutonomousHexacopter/scripts) by extension 'colcon_meta'
[0.410s] Level 1:colcon.colcon_core.package_identification:_identify(src/AutonomousHexacopter/scripts) by extensions ['ros']
[0.410s] Level 1:colcon.colcon_core.package_identification:_identify(src/AutonomousHexacopter/scripts) by extension 'ros'
[0.410s] Level 1:colcon.colcon_core.package_identification:_identify(src/AutonomousHexacopter/scripts) by extensions ['cmake', 'python']
[0.410s] Level 1:colcon.colcon_core.package_identification:_identify(src/AutonomousHexacopter/scripts) by extension 'cmake'
[0.410s] Level 1:colcon.colcon_core.package_identification:_identify(src/AutonomousHexacopter/scripts) by extension 'python'
[0.410s] Level 1:colcon.colcon_core.package_identification:_identify(src/AutonomousHexacopter/scripts) by extensions ['python_setup_py']
[0.410s] Level 1:colcon.colcon_core.package_identification:_identify(src/AutonomousHexacopter/scripts) by extension 'python_setup_py'
[0.410s] Level 1:colcon.colcon_core.package_discovery:discover_packages(recursive) using defaults
[0.410s] Level 1:colcon.colcon_core.package_discovery:discover_packages(ignore) discover
[0.410s] Level 1:colcon.colcon_core.package_discovery:discover_packages(ignore) using defaults
[0.410s] Level 1:colcon.colcon_core.package_discovery:discover_packages(path) discover
[0.410s] Level 1:colcon.colcon_core.package_discovery:discover_packages(path) using defaults
[0.434s] INFO:colcon.colcon_core.package_selection:Skipping package 'px4' in 'src/AutonomousHexacopter/PX4-Autopilot'
[0.439s] Level 5:colcon.colcon_core.verb:set package 'px4_msgs' build argument 'cmake_args' from command line to 'None'
[0.439s] Level 5:colcon.colcon_core.verb:set package 'px4_msgs' build argument 'cmake_target' from command line to 'None'
[0.439s] Level 5:colcon.colcon_core.verb:set package 'px4_msgs' build argument 'cmake_target_skip_unavailable' from command line to 'False'
[0.439s] Level 5:colcon.colcon_core.verb:set package 'px4_msgs' build argument 'cmake_clean_cache' from command line to 'False'
[0.439s] Level 5:colcon.colcon_core.verb:set package 'px4_msgs' build argument 'cmake_clean_first' from command line to 'False'
[0.439s] Level 5:colcon.colcon_core.verb:set package 'px4_msgs' build argument 'cmake_force_configure' from command line to 'False'
[0.439s] Level 5:colcon.colcon_core.verb:set package 'px4_msgs' build argument 'ament_cmake_args' from command line to 'None'
[0.439s] Level 5:colcon.colcon_core.verb:set package 'px4_msgs' build argument 'catkin_cmake_args' from command line to 'None'
[0.439s] Level 5:colcon.colcon_core.verb:set package 'px4_msgs' build argument 'catkin_skip_building_tests' from command line to 'False'
[0.439s] DEBUG:colcon.colcon_core.verb:Building package 'px4_msgs' with the following arguments: {'ament_cmake_args': None, 'build_base': '/home/srividyaprasad/hexacopter_ws/build/px4_msgs', 'catkin_cmake_args': None, 'catkin_skip_building_tests': False, 'cmake_args': None, 'cmake_clean_cache': False, 'cmake_clean_first': False, 'cmake_force_configure': False, 'cmake_target': None, 'cmake_target_skip_unavailable': False, 'install_base': '/home/srividyaprasad/hexacopter_ws/install/px4_msgs', 'merge_install': False, 'path': '/home/srividyaprasad/hexacopter_ws/src/AutonomousHexacopter/px4_msgs', 'symlink_install': True, 'test_result_base': None}
[0.443s] Level 5:colcon.colcon_core.verb:set package 'px4_ros_com' build argument 'cmake_args' from command line to 'None'
[0.443s] Level 5:colcon.colcon_core.verb:set package 'px4_ros_com' build argument 'cmake_target' from command line to 'None'
[0.443s] Level 5:colcon.colcon_core.verb:set package 'px4_ros_com' build argument 'cmake_target_skip_unavailable' from command line to 'False'
[0.443s] Level 5:colcon.colcon_core.verb:set package 'px4_ros_com' build argument 'cmake_clean_cache' from command line to 'False'
[0.443s] Level 5:colcon.colcon_core.verb:set package 'px4_ros_com' build argument 'cmake_clean_first' from command line to 'False'
[0.443s] Level 5:colcon.colcon_core.verb:set package 'px4_ros_com' build argument 'cmake_force_configure' from command line to 'False'
[0.443s] Level 5:colcon.colcon_core.verb:set package 'px4_ros_com' build argument 'ament_cmake_args' from command line to 'None'
[0.443s] Level 5:colcon.colcon_core.verb:set package 'px4_ros_com' build argument 'catkin_cmake_args' from command line to 'None'
[0.443s] Level 5:colcon.colcon_core.verb:set package 'px4_ros_com' build argument 'catkin_skip_building_tests' from command line to 'False'
[0.443s] DEBUG:colcon.colcon_core.verb:Building package 'px4_ros_com' with the following arguments: {'ament_cmake_args': None, 'build_base': '/home/srividyaprasad/hexacopter_ws/build/px4_ros_com', 'catkin_cmake_args': None, 'catkin_skip_building_tests': False, 'cmake_args': None, 'cmake_clean_cache': False, 'cmake_clean_first': False, 'cmake_force_configure': False, 'cmake_target': None, 'cmake_target_skip_unavailable': False, 'install_base': '/home/srividyaprasad/hexacopter_ws/install/px4_ros_com', 'merge_install': False, 'path': '/home/srividyaprasad/hexacopter_ws/src/AutonomousHexacopter/px4_ros_com', 'symlink_install': True, 'test_result_base': None}
[0.445s] INFO:colcon.colcon_core.executor:Executing jobs using 'parallel' executor
[0.452s] DEBUG:colcon.colcon_parallel_executor.executor.parallel:run_until_complete
[0.453s] INFO:colcon.colcon_ros.task.ament_cmake.build:Building ROS package in '/home/srividyaprasad/hexacopter_ws/src/AutonomousHexacopter/px4_msgs' with build type 'ament_cmake'
[0.453s] INFO:colcon.colcon_cmake.task.cmake.build:Building CMake package in '/home/srividyaprasad/hexacopter_ws/src/AutonomousHexacopter/px4_msgs'
[0.460s] INFO:colcon.colcon_core.plugin_system:Skipping extension 'colcon_core.shell.bat': Not used on non-Windows systems
[0.461s] INFO:colcon.colcon_core.shell:Skip shell extension 'powershell' for command environment: Not usable outside of PowerShell
[0.461s] DEBUG:colcon.colcon_core.shell:Skip shell extension 'dsv' for command environment
[0.472s] DEBUG:colcon.colcon_core.event_handler.log_command:Invoking command in '/home/srividyaprasad/hexacopter_ws/build/px4_msgs': CMAKE_PREFIX_PATH=/opt/ros/foxy /usr/bin/cmake /home/srividyaprasad/hexacopter_ws/src/AutonomousHexacopter/px4_msgs -DAMENT_CMAKE_SYMLINK_INSTALL=1 -DCMAKE_INSTALL_PREFIX=/home/srividyaprasad/hexacopter_ws/install/px4_msgs
[3.206s] DEBUG:colcon.colcon_core.event_handler.log_command:Invoked command in '/home/srividyaprasad/hexacopter_ws/build/px4_msgs' returned '0': CMAKE_PREFIX_PATH=/opt/ros/foxy /usr/bin/cmake /home/srividyaprasad/hexacopter_ws/src/AutonomousHexacopter/px4_msgs -DAMENT_CMAKE_SYMLINK_INSTALL=1 -DCMAKE_INSTALL_PREFIX=/home/srividyaprasad/hexacopter_ws/install/px4_msgs
[3.207s] DEBUG:colcon.colcon_core.event_handler.log_command:Invoking command in '/home/srividyaprasad/hexacopter_ws/build/px4_msgs': CMAKE_PREFIX_PATH=/opt/ros/foxy /usr/bin/cmake --build /home/srividyaprasad/hexacopter_ws/build/px4_msgs -- -j8 -l8
[159.251s] DEBUG:colcon.colcon_core.event_handler.log_command:Invoked command in '/home/srividyaprasad/hexacopter_ws/build/px4_msgs' returned '0': CMAKE_PREFIX_PATH=/opt/ros/foxy /usr/bin/cmake --build /home/srividyaprasad/hexacopter_ws/build/px4_msgs -- -j8 -l8
[160.971s] DEBUG:colcon.colcon_core.event_handler.log_command:Invoking command in '/home/srividyaprasad/hexacopter_ws/build/px4_msgs': CMAKE_PREFIX_PATH=/opt/ros/foxy /usr/bin/cmake --install /home/srividyaprasad/hexacopter_ws/build/px4_msgs
[179.364s] Level 1:colcon.colcon_core.environment:create_environment_scripts_only(px4_msgs)
[179.366s] DEBUG:colcon.colcon_core.event_handler.log_command:Invoked command in '/home/srividyaprasad/hexacopter_ws/build/px4_msgs' returned '0': CMAKE_PREFIX_PATH=/opt/ros/foxy /usr/bin/cmake --install /home/srividyaprasad/hexacopter_ws/build/px4_msgs
[179.375s] Level 1:colcon.colcon_core.environment:checking '/home/srividyaprasad/hexacopter_ws/install/px4_msgs' for CMake module files
[179.376s] Level 1:colcon.colcon_core.environment:checking '/home/srividyaprasad/hexacopter_ws/install/px4_msgs' for CMake config files
[179.377s] Level 1:colcon.colcon_core.shell:create_environment_hook('px4_msgs', 'cmake_prefix_path')
[179.381s] INFO:colcon.colcon_core.shell:Creating environment hook '/home/srividyaprasad/hexacopter_ws/install/px4_msgs/share/px4_msgs/hook/cmake_prefix_path.ps1'
[179.381s] INFO:colcon.colcon_core.shell:Creating environment descriptor '/home/srividyaprasad/hexacopter_ws/install/px4_msgs/share/px4_msgs/hook/cmake_prefix_path.dsv'
[179.381s] INFO:colcon.colcon_core.shell:Creating environment hook '/home/srividyaprasad/hexacopter_ws/install/px4_msgs/share/px4_msgs/hook/cmake_prefix_path.sh'
[179.382s] Level 1:colcon.colcon_core.environment:checking '/home/srividyaprasad/hexacopter_ws/install/px4_msgs/lib'
[179.382s] Level 1:colcon.colcon_core.shell:create_environment_hook('px4_msgs', 'ld_library_path_lib')
[179.386s] INFO:colcon.colcon_core.shell:Creating environment hook '/home/srividyaprasad/hexacopter_ws/install/px4_msgs/share/px4_msgs/hook/ld_library_path_lib.ps1'
[179.386s] INFO:colcon.colcon_core.shell:Creating environment descriptor '/home/srividyaprasad/hexacopter_ws/install/px4_msgs/share/px4_msgs/hook/ld_library_path_lib.dsv'
[179.386s] INFO:colcon.colcon_core.shell:Creating environment hook '/home/srividyaprasad/hexacopter_ws/install/px4_msgs/share/px4_msgs/hook/ld_library_path_lib.sh'
[179.387s] Level 1:colcon.colcon_core.environment:checking '/home/srividyaprasad/hexacopter_ws/install/px4_msgs/bin'
[179.387s] Level 1:colcon.colcon_core.environment:checking '/home/srividyaprasad/hexacopter_ws/install/px4_msgs/lib/pkgconfig/px4_msgs.pc'
[179.388s] Level 1:colcon.colcon_core.environment:checking '/home/srividyaprasad/hexacopter_ws/install/px4_msgs/lib/python3.8/site-packages'
[179.388s] Level 1:colcon.colcon_core.shell:create_environment_hook('px4_msgs', 'pythonpath')
[179.392s] INFO:colcon.colcon_core.shell:Creating environment hook '/home/srividyaprasad/hexacopter_ws/install/px4_msgs/share/px4_msgs/hook/pythonpath.ps1'
[179.392s] INFO:colcon.colcon_core.shell:Creating environment descriptor '/home/srividyaprasad/hexacopter_ws/install/px4_msgs/share/px4_msgs/hook/pythonpath.dsv'
[179.392s] INFO:colcon.colcon_core.shell:Creating environment hook '/home/srividyaprasad/hexacopter_ws/install/px4_msgs/share/px4_msgs/hook/pythonpath.sh'
[179.392s] Level 1:colcon.colcon_core.environment:checking '/home/srividyaprasad/hexacopter_ws/install/px4_msgs/bin'
[179.396s] INFO:colcon.colcon_core.shell:Creating package script '/home/srividyaprasad/hexacopter_ws/install/px4_msgs/share/px4_msgs/package.ps1'
[179.397s] INFO:colcon.colcon_core.shell:Creating package descriptor '/home/srividyaprasad/hexacopter_ws/install/px4_msgs/share/px4_msgs/package.dsv'
[179.397s] INFO:colcon.colcon_core.shell:Creating package script '/home/srividyaprasad/hexacopter_ws/install/px4_msgs/share/px4_msgs/package.sh'
[179.398s] INFO:colcon.colcon_core.shell:Creating package script '/home/srividyaprasad/hexacopter_ws/install/px4_msgs/share/px4_msgs/package.bash'
[179.398s] INFO:colcon.colcon_core.shell:Creating package script '/home/srividyaprasad/hexacopter_ws/install/px4_msgs/share/px4_msgs/package.zsh'
[179.399s] Level 1:colcon.colcon_core.environment:create_file_with_runtime_dependencies(/home/srividyaprasad/hexacopter_ws/install/px4_msgs/share/colcon-core/packages/px4_msgs)
[181.124s] Level 1:colcon.colcon_core.environment:create_environment_scripts_only(px4_msgs)
[181.128s] Level 1:colcon.colcon_core.environment:checking '/home/srividyaprasad/hexacopter_ws/install/px4_msgs' for CMake module files
[181.128s] Level 1:colcon.colcon_core.environment:checking '/home/srividyaprasad/hexacopter_ws/install/px4_msgs' for CMake config files
[181.130s] Level 1:colcon.colcon_core.shell:create_environment_hook('px4_msgs', 'cmake_prefix_path')
[181.133s] INFO:colcon.colcon_core.shell:Creating environment hook '/home/srividyaprasad/hexacopter_ws/install/px4_msgs/share/px4_msgs/hook/cmake_prefix_path.ps1'
[181.133s] INFO:colcon.colcon_core.shell:Creating environment descriptor '/home/srividyaprasad/hexacopter_ws/install/px4_msgs/share/px4_msgs/hook/cmake_prefix_path.dsv'
[181.133s] INFO:colcon.colcon_core.shell:Creating environment hook '/home/srividyaprasad/hexacopter_ws/install/px4_msgs/share/px4_msgs/hook/cmake_prefix_path.sh'
[181.134s] Level 1:colcon.colcon_core.environment:checking '/home/srividyaprasad/hexacopter_ws/install/px4_msgs/lib'
[181.134s] Level 1:colcon.colcon_core.shell:create_environment_hook('px4_msgs', 'ld_library_path_lib')
[181.137s] INFO:colcon.colcon_core.shell:Creating environment hook '/home/srividyaprasad/hexacopter_ws/install/px4_msgs/share/px4_msgs/hook/ld_library_path_lib.ps1'
[181.138s] INFO:colcon.colcon_core.shell:Creating environment descriptor '/home/srividyaprasad/hexacopter_ws/install/px4_msgs/share/px4_msgs/hook/ld_library_path_lib.dsv'
[181.138s] INFO:colcon.colcon_core.shell:Creating environment hook '/home/srividyaprasad/hexacopter_ws/install/px4_msgs/share/px4_msgs/hook/ld_library_path_lib.sh'
[181.138s] Level 1:colcon.colcon_core.environment:checking '/home/srividyaprasad/hexacopter_ws/install/px4_msgs/bin'
[181.138s] Level 1:colcon.colcon_core.environment:checking '/home/srividyaprasad/hexacopter_ws/install/px4_msgs/lib/pkgconfig/px4_msgs.pc'
[181.138s] Level 1:colcon.colcon_core.environment:checking '/home/srividyaprasad/hexacopter_ws/install/px4_msgs/lib/python3.8/site-packages'
[181.138s] Level 1:colcon.colcon_core.shell:create_environment_hook('px4_msgs', 'pythonpath')
[181.142s] INFO:colcon.colcon_core.shell:Creating environment hook '/home/srividyaprasad/hexacopter_ws/install/px4_msgs/share/px4_msgs/hook/pythonpath.ps1'
[181.142s] INFO:colcon.colcon_core.shell:Creating environment descriptor '/home/srividyaprasad/hexacopter_ws/install/px4_msgs/share/px4_msgs/hook/pythonpath.dsv'
[181.142s] INFO:colcon.colcon_core.shell:Creating environment hook '/home/srividyaprasad/hexacopter_ws/install/px4_msgs/share/px4_msgs/hook/pythonpath.sh'
[181.142s] Level 1:colcon.colcon_core.environment:checking '/home/srividyaprasad/hexacopter_ws/install/px4_msgs/bin'
[181.146s] INFO:colcon.colcon_core.shell:Creating package script '/home/srividyaprasad/hexacopter_ws/install/px4_msgs/share/px4_msgs/package.ps1'
[181.146s] INFO:colcon.colcon_core.shell:Creating package descriptor '/home/srividyaprasad/hexacopter_ws/install/px4_msgs/share/px4_msgs/package.dsv'
[181.146s] INFO:colcon.colcon_core.shell:Creating package script '/home/srividyaprasad/hexacopter_ws/install/px4_msgs/share/px4_msgs/package.sh'
[181.147s] INFO:colcon.colcon_core.shell:Creating package script '/home/srividyaprasad/hexacopter_ws/install/px4_msgs/share/px4_msgs/package.bash'
[181.147s] INFO:colcon.colcon_core.shell:Creating package script '/home/srividyaprasad/hexacopter_ws/install/px4_msgs/share/px4_msgs/package.zsh'
[181.147s] Level 1:colcon.colcon_core.environment:create_file_with_runtime_dependencies(/home/srividyaprasad/hexacopter_ws/install/px4_msgs/share/colcon-core/packages/px4_msgs)
[181.147s] INFO:colcon.colcon_ros.task.ament_cmake.build:Building ROS package in '/home/srividyaprasad/hexacopter_ws/src/AutonomousHexacopter/px4_ros_com' with build type 'ament_cmake'
[181.148s] INFO:colcon.colcon_cmake.task.cmake.build:Building CMake package in '/home/srividyaprasad/hexacopter_ws/src/AutonomousHexacopter/px4_ros_com'
[181.151s] INFO:colcon.colcon_core.shell:Skip shell extension 'powershell' for command environment: Not usable outside of PowerShell
[181.151s] DEBUG:colcon.colcon_core.shell:Skip shell extension 'dsv' for command environment
[181.163s] DEBUG:colcon.colcon_core.event_handler.log_command:Invoking command in '/home/srividyaprasad/hexacopter_ws/build/px4_ros_com': AMENT_PREFIX_PATH=/home/srividyaprasad/hexacopter_ws/install/px4_msgs:${AMENT_PREFIX_PATH} CMAKE_PREFIX_PATH=/home/srividyaprasad/hexacopter_ws/install/px4_msgs:/opt/ros/foxy LD_LIBRARY_PATH=/home/srividyaprasad/hexacopter_ws/install/px4_msgs/lib:${LD_LIBRARY_PATH} PYTHONPATH=/home/srividyaprasad/hexacopter_ws/install/px4_msgs/lib/python3.8/site-packages:${PYTHONPATH} /usr/bin/cmake /home/srividyaprasad/hexacopter_ws/src/AutonomousHexacopter/px4_ros_com -DAMENT_CMAKE_SYMLINK_INSTALL=1 -DCMAKE_INSTALL_PREFIX=/home/srividyaprasad/hexacopter_ws/install/px4_ros_com
[182.906s] DEBUG:colcon.colcon_core.event_handler.log_command:Invoked command in '/home/srividyaprasad/hexacopter_ws/build/px4_ros_com' returned '0': AMENT_PREFIX_PATH=/home/srividyaprasad/hexacopter_ws/install/px4_msgs:${AMENT_PREFIX_PATH} CMAKE_PREFIX_PATH=/home/srividyaprasad/hexacopter_ws/install/px4_msgs:/opt/ros/foxy LD_LIBRARY_PATH=/home/srividyaprasad/hexacopter_ws/install/px4_msgs/lib:${LD_LIBRARY_PATH} PYTHONPATH=/home/srividyaprasad/hexacopter_ws/install/px4_msgs/lib/python3.8/site-packages:${PYTHONPATH} /usr/bin/cmake /home/srividyaprasad/hexacopter_ws/src/AutonomousHexacopter/px4_ros_com -DAMENT_CMAKE_SYMLINK_INSTALL=1 -DCMAKE_INSTALL_PREFIX=/home/srividyaprasad/hexacopter_ws/install/px4_ros_com
[182.908s] DEBUG:colcon.colcon_core.event_handler.log_command:Invoking command in '/home/srividyaprasad/hexacopter_ws/build/px4_ros_com': AMENT_PREFIX_PATH=/home/srividyaprasad/hexacopter_ws/install/px4_msgs:${AMENT_PREFIX_PATH} CMAKE_PREFIX_PATH=/home/srividyaprasad/hexacopter_ws/install/px4_msgs:/opt/ros/foxy LD_LIBRARY_PATH=/home/srividyaprasad/hexacopter_ws/install/px4_msgs/lib:${LD_LIBRARY_PATH} PYTHONPATH=/home/srividyaprasad/hexacopter_ws/install/px4_msgs/lib/python3.8/site-packages:${PYTHONPATH} /usr/bin/cmake --build /home/srividyaprasad/hexacopter_ws/build/px4_ros_com -- -j8 -l8
[288.203s] DEBUG:colcon.colcon_core.event_handler.log_command:Invoked command in '/home/srividyaprasad/hexacopter_ws/build/px4_ros_com' returned '2': AMENT_PREFIX_PATH=/home/srividyaprasad/hexacopter_ws/install/px4_msgs:${AMENT_PREFIX_PATH} CMAKE_PREFIX_PATH=/home/srividyaprasad/hexacopter_ws/install/px4_msgs:/opt/ros/foxy LD_LIBRARY_PATH=/home/srividyaprasad/hexacopter_ws/install/px4_msgs/lib:${LD_LIBRARY_PATH} PYTHONPATH=/home/srividyaprasad/hexacopter_ws/install/px4_msgs/lib/python3.8/site-packages:${PYTHONPATH} /usr/bin/cmake --build /home/srividyaprasad/hexacopter_ws/build/px4_ros_com -- -j8 -l8
[288.306s] Level 1:colcon.colcon_core.environment:create_environment_scripts_only(px4_ros_com)
[288.310s] Level 1:colcon.colcon_core.environment:checking '/home/srividyaprasad/hexacopter_ws/install/px4_ros_com' for CMake module files
[288.311s] Level 1:colcon.colcon_core.environment:checking '/home/srividyaprasad/hexacopter_ws/install/px4_ros_com' for CMake config files
[288.311s] Level 1:colcon.colcon_core.environment:checking '/home/srividyaprasad/hexacopter_ws/install/px4_ros_com/bin'
[288.311s] Level 1:colcon.colcon_core.environment:checking '/home/srividyaprasad/hexacopter_ws/install/px4_ros_com/lib/pkgconfig/px4_ros_com.pc'
[288.311s] Level 1:colcon.colcon_core.environment:checking '/home/srividyaprasad/hexacopter_ws/install/px4_ros_com/lib/python3.8/site-packages'
[288.311s] Level 1:colcon.colcon_core.environment:checking '/home/srividyaprasad/hexacopter_ws/install/px4_ros_com/bin'
[288.314s] INFO:colcon.colcon_core.shell:Creating package script '/home/srividyaprasad/hexacopter_ws/install/px4_ros_com/share/px4_ros_com/package.ps1'
[288.315s] INFO:colcon.colcon_core.shell:Creating package descriptor '/home/srividyaprasad/hexacopter_ws/install/px4_ros_com/share/px4_ros_com/package.dsv'
[288.315s] INFO:colcon.colcon_core.shell:Creating package script '/home/srividyaprasad/hexacopter_ws/install/px4_ros_com/share/px4_ros_com/package.sh'
[288.315s] INFO:colcon.colcon_core.shell:Creating package script '/home/srividyaprasad/hexacopter_ws/install/px4_ros_com/share/px4_ros_com/package.bash'
[288.316s] INFO:colcon.colcon_core.shell:Creating package script '/home/srividyaprasad/hexacopter_ws/install/px4_ros_com/share/px4_ros_com/package.zsh'
[288.316s] Level 1:colcon.colcon_core.environment:create_file_with_runtime_dependencies(/home/srividyaprasad/hexacopter_ws/install/px4_ros_com/share/colcon-core/packages/px4_ros_com)
[288.326s] DEBUG:colcon.colcon_parallel_executor.executor.parallel:closing loop
[288.326s] DEBUG:colcon.colcon_parallel_executor.executor.parallel:loop closed
[288.326s] DEBUG:colcon.colcon_parallel_executor.executor.parallel:run_until_complete finished with '2'
[288.326s] DEBUG:colcon.colcon_core.event_reactor:joining thread
[288.339s] INFO:colcon.colcon_core.plugin_system:Skipping extension 'colcon_notification.desktop_notification.terminal_notifier': Not used on non-Darwin systems
[288.339s] INFO:colcon.colcon_core.plugin_system:Skipping extension 'colcon_notification.desktop_notification.win32': Not used on non-Windows systems
[288.339s] INFO:colcon.colcon_notification.desktop_notification:Sending desktop notification using 'notify2'
[288.358s] DEBUG:colcon.colcon_core.event_reactor:joined thread
[288.363s] INFO:colcon.colcon_core.shell:Creating prefix script '/home/srividyaprasad/hexacopter_ws/install/local_setup.ps1'
[288.368s] INFO:colcon.colcon_core.shell:Creating prefix util module '/home/srividyaprasad/hexacopter_ws/install/_local_setup_util_ps1.py'
[288.370s] INFO:colcon.colcon_core.shell:Creating prefix chain script '/home/srividyaprasad/hexacopter_ws/install/setup.ps1'
[288.373s] INFO:colcon.colcon_core.shell:Creating prefix script '/home/srividyaprasad/hexacopter_ws/install/local_setup.sh'
[288.374s] INFO:colcon.colcon_core.shell:Creating prefix util module '/home/srividyaprasad/hexacopter_ws/install/_local_setup_util_sh.py'
[288.374s] INFO:colcon.colcon_core.shell:Creating prefix chain script '/home/srividyaprasad/hexacopter_ws/install/setup.sh'
[288.377s] INFO:colcon.colcon_core.shell:Creating prefix script '/home/srividyaprasad/hexacopter_ws/install/local_setup.bash'
[288.377s] INFO:colcon.colcon_core.shell:Creating prefix chain script '/home/srividyaprasad/hexacopter_ws/install/setup.bash'
[288.380s] INFO:colcon.colcon_core.shell:Creating prefix script '/home/srividyaprasad/hexacopter_ws/install/local_setup.zsh'
[288.380s] INFO:colcon.colcon_core.shell:Creating prefix chain script '/home/srividyaprasad/hexacopter_ws/install/setup.zsh'
